I, [2018-07-25T11:15:41.954726 #99068]  INFO -- : Cleared interactions before example "BarClient can retrieve a thing"
I, [2018-07-25T11:15:41.961868 #99068]  INFO -- : Registered expected interaction GET /thing
D, [2018-07-25T11:15:41.962045 #99068] DEBUG -- : {
  "description": "a retrieve thing request",
  "request": {
    "method": "get",
    "path": "/thing",
    "headers": {
      "Accept": "application/json"
    }
  },
  "response": {
    "status": 200,
    "headers": {
      "Content-Type": "application/json"
    },
    "body": {
      "id": {
        "json_class": "Pact::SomethingLike",
        "contents": 0
      },
      "secUserToken": {
        "json_class": "Pact::SomethingLike",
        "contents": "string"
      },
      "profile": {
        "name": {
          "json_class": "Pact::SomethingLike",
          "contents": "string"
        },
        "userType": {
          "json_class": "Pact::SomethingLike",
          "contents": "string"
        },
        "preRegister": {
          "json_class": "Pact::SomethingLike",
          "contents": true
        }
      }
    }
  }
}
I, [2018-07-25T11:15:42.016041 #99068]  INFO -- : Received request GET /thing
D, [2018-07-25T11:15:42.016194 #99068] DEBUG -- : {
  "path": "/thing",
  "query": "",
  "method": "get",
  "headers": {
    "User-Agent": "Faraday v0.12.2",
    "Accept": "application/json",
    "Accept-Encoding": "gzip;q=1.0,deflate;q=0.6,identity;q=0.3",
    "Connection": "close",
    "Host": "localhost:4638",
    "Version": "HTTP/1.1"
  }
}
I, [2018-07-25T11:15:42.016389 #99068]  INFO -- : Found matching response for GET /thing
D, [2018-07-25T11:15:42.016552 #99068] DEBUG -- : {
  "status": 200,
  "headers": {
    "Content-Type": "application/json"
  },
  "body": {
    "id": {
      "json_class": "Pact::SomethingLike",
      "contents": 0
    },
    "secUserToken": {
      "json_class": "Pact::SomethingLike",
      "contents": "string"
    },
    "profile": {
      "name": {
        "json_class": "Pact::SomethingLike",
        "contents": "string"
      },
      "userType": {
        "json_class": "Pact::SomethingLike",
        "contents": "string"
      },
      "preRegister": {
        "json_class": "Pact::SomethingLike",
        "contents": true
      }
    }
  }
}
I, [2018-07-25T11:15:42.024107 #99068]  INFO -- : Verifying - interactions matched for example "BarClient can retrieve a thing"
I, [2018-07-25T11:15:42.033132 #99068]  INFO -- : Writing pact with details {:consumer=>{:name=>"Foo"}, :provider=>{:name=>"Bar"}, :pactfile_write_mode=>"overwrite", :pact_dir=>"/Users/rafaelalves/Desenvolvimento/projeto-cvc/pact-ruby-e2e-example/consumer/spec/pacts"}
I, [2018-07-25T11:15:42.033280 #99068]  INFO -- : Writing pact for Bar to /Users/rafaelalves/Desenvolvimento/projeto-cvc/pact-ruby-e2e-example/consumer/spec/pacts/foo-bar.json
